2017-11-08 14:13:50,409 INFO [App] - <70 exception words.>
2017-11-08 14:13:50,478 INFO [App] - <start listen on port 6789...>
2017-11-08 14:14:34,625 INFO [App] - <new connection from /127.0.0.1...>
2017-11-08 14:14:34,668 DEBUG [App] - <698218991: from lexto>
2017-11-08 14:14:34,669 INFO [App] - <สวัสดีวันนี้อากาศร้อนจัง>
2017-11-08 14:14:34,669 INFO [App] - <"สวัสดี","วันนี้","อากาศ","ร้อน","จัง">
2017-11-08 14:15:20,735 INFO [App] - <new connection from /127.0.0.1...>
2017-11-08 14:15:20,736 DEBUG [App] - <698218991: from cache>
2017-11-08 14:15:20,736 INFO [App] - <สวัสดีวันนี้อากาศร้อนจัง>
2017-11-08 14:15:20,736 INFO [App] - <"สวัสดี","วันนี้","อากาศ","ร้อน","จัง">
2017-11-08 14:15:21,948 INFO [App] - <new connection from /127.0.0.1...>
2017-11-08 14:15:21,949 DEBUG [App] - <698218991: from cache>
2017-11-08 14:15:21,950 INFO [App] - <สวัสดีวันนี้อากาศร้อนจัง>
2017-11-08 14:15:21,950 INFO [App] - <"สวัสดี","วันนี้","อากาศ","ร้อน","จัง">
2017-11-08 14:15:22,692 INFO [App] - <new connection from /127.0.0.1...>
2017-11-08 14:15:22,693 DEBUG [App] - <698218991: from cache>
2017-11-08 14:15:22,693 INFO [App] - <สวัสดีวันนี้อากาศร้อนจัง>
2017-11-08 14:15:22,693 INFO [App] - <"สวัสดี","วันนี้","อากาศ","ร้อน","จัง">
2017-11-08 14:15:30,276 INFO [App] - <new connection from /127.0.0.1...>
2017-11-08 14:15:30,281 DEBUG [App] - <146875992: from lexto>
2017-11-08 14:15:30,282 INFO [App] - <สวัสดีวันนี้อากาศร้อนจังว่าไหม>
2017-11-08 14:15:30,282 INFO [App] - <"สวัสดี","วันนี้","อากาศ","ร้อน","จัง","ว่า","ไหม">
2017-11-08 14:16:41,084 INFO [App] - <70 exception words.>
2017-11-08 14:16:41,183 INFO [App] - <start listen on port 6789...>
2017-11-08 14:16:47,418 INFO [App] - <new connection from /127.0.0.1...>
2017-11-08 14:16:47,440 DEBUG [App] - <-481649704: from lexto>
2017-11-08 14:16:47,441 INFO [App] - <สวัสดีวันนี้อากาศร้อนจังว่าไหมๆๆๆๆ>
2017-11-08 14:16:47,441 INFO [App] - <"สวัสดี","วันนี้","อากาศ","ร้อน","จัง","ว่า","ไหม","ๆๆๆๆ">
2017-11-08 14:17:16,381 INFO [App] - <new connection from /127.0.0.1...>
2017-11-08 14:17:16,382 DEBUG [App] - <-481649704: from cache>
2017-11-08 14:17:16,382 INFO [App] - <สวัสดีวันนี้อากาศร้อนจังว่าไหมๆๆๆๆ>
2017-11-08 14:17:16,382 INFO [App] - <"สวัสดี","วันนี้","อากาศ","ร้อน","จัง","ว่า","ไหม","ๆๆๆๆ">
2017-11-08 14:17:22,864 INFO [App] - <70 exception words.>
2017-11-08 14:17:22,931 INFO [App] - <start listen on port 6789...>
2017-11-08 14:18:11,616 INFO [App] - <new connection from /127.0.0.1...>
2017-11-08 14:18:11,644 DEBUG [App] - <-922015497: from lexto>
2017-11-08 14:18:11,644 INFO [App] - <สวัสดีวันนี้อากาศร้อนจังว่าไหมๆๆๆๆฟหกด>
2017-11-08 14:18:11,644 INFO [App] - <"สวัสดี","วันนี้","อากาศ","ร้อน","จัง","ว่า","ไหม","ๆๆๆๆฟ","หก","ด">
2017-11-08 14:30:18,621 INFO [App] - <new connection from /127.0.0.1...>
2017-11-08 14:30:18,627 DEBUG [App] - <146875992: from lexto>
2017-11-08 14:30:18,627 INFO [App] - <สวัสดีวันนี้อากาศร้อนจังว่าไหม>
2017-11-08 14:30:18,628 INFO [App] - <"สวัสดี","วันนี้","อากาศ","ร้อน","จัง","ว่า","ไหม">
2017-11-08 14:30:57,986 INFO [App] - <new connection from /127.0.0.1...>
2017-11-08 14:30:57,989 DEBUG [App] - <843322352: from lexto>
2017-11-08 14:30:57,990 INFO [App] - <ทดสอบว่าตัดคำได้ดีไหม>
2017-11-08 14:30:57,990 INFO [App] - <"ทดสอบ","ว่า","ตัด","คำ","ได้ดี","ไหม","ภาษาไทย">
